<?xml version="1.0" encoding="UTF-8"?>
<!-- Generated by org.testng.reporters.JUnitReportReporter -->
<testsuite skipped="0" hostname="HACKER" name="org.testng.Tests" tests="1" failures="0" timestamp="13 May 2022 03:33:44 GMT" time="0.028" errors="0">
  <testcase name="test" time="0.028" classname="org.testng.Tests"/>
</testsuite> <!-- org.testng.Tests -->
